<?xml version="1.0" encoding="UTF-8"?>
<robot generator="Robot 3.1.2 (Python 3.8.2 on win32)" generated="20200325 20:43:12.110" rpa="false">
<suite id="s1" name="ST3" source="C:\Users\Michele\Documents\ProcessoSeletivoSoftPlan\ProcessoSeletivoSoftPlan\tests\testeWeb\ST3.robot">
<test id="s1-t1" name="Cenario 01: Validar se no menu Women seus submenus e categorias estão sendo exibidos">
<kw name="Abrir Browser" library="Resource" type="setup">
<kw name="Open Browser" library="SeleniumLibrary">
<doc>Opens a new browser instance to the optional ``url``.</doc>
<arguments>
<arg>about:blank</arg>
<arg>${BROWSER}</arg>
</arguments>
<msg timestamp="20200325 20:43:12.556" level="INFO">Opening browser 'chrome' to base url 'about:blank'.</msg>
<status status="PASS" starttime="20200325 20:43:12.555" endtime="20200325 20:43:18.242"></status>
</kw>
<kw name="Maximize Browser Window" library="SeleniumLibrary">
<doc>Maximizes current browser window.</doc>
<status status="PASS" starttime="20200325 20:43:18.243" endtime="20200325 20:43:22.364"></status>
</kw>
<status status="PASS" starttime="20200325 20:43:12.554" endtime="20200325 20:43:22.364"></status>
</kw>
<kw name="Dado que estou na página home do site">
<kw name="Acessar a página home do site" library="Resource">
<kw name="Go To" library="SeleniumLibrary">
<doc>Navigates the current browser window to the provided ``url``.</doc>
<arguments>
<arg>http://automationpractice.com/index.php</arg>
</arguments>
<msg timestamp="20200325 20:43:22.366" level="INFO">Opening url 'http://automationpractice.com/index.php'</msg>
<status status="PASS" starttime="20200325 20:43:22.366" endtime="20200325 20:43:25.798"></status>
</kw>
<kw name="Title Should Be" library="SeleniumLibrary">
<doc>Verifies that the current page title equals ``title``.</doc>
<arguments>
<arg>My Store</arg>
</arguments>
<msg timestamp="20200325 20:43:25.808" level="INFO">Page title is 'My Store'.</msg>
<status status="PASS" starttime="20200325 20:43:25.799" endtime="20200325 20:43:25.808"></status>
</kw>
<status status="PASS" starttime="20200325 20:43:22.366" endtime="20200325 20:43:25.808"></status>
</kw>
<status status="PASS" starttime="20200325 20:43:22.365" endtime="20200325 20:43:25.809"></status>
</kw>
<kw name="Quando verificar os menus &quot;WOMEN&quot;,&quot;DRESSES&quot; e &quot;T-SHIRTS&quot; estão sendo exibidos">
<kw name="Verificar os menus &quot;${MENU1}&quot;,&quot;${MENU2}&quot; e &quot;${MENU3}&quot; estão sendo exibidos" library="Resource">
<kw name="Element Text Should Be" library="SeleniumLibrary">
<doc>Verifies that element ``locator`` contains exact the text ``expected``.</doc>
<arguments>
<arg>xpath=//*[@id="block_top_menu"]/ul/li[1]/a</arg>
<arg>${MENU1}</arg>
</arguments>
<msg timestamp="20200325 20:43:25.812" level="INFO">Verifying element 'xpath=//*[@id="block_top_menu"]/ul/li[1]/a' contains exact text 'WOMEN'.</msg>
<status status="PASS" starttime="20200325 20:43:25.811" endtime="20200325 20:43:25.866"></status>
</kw>
<kw name="Element Text Should Be" library="SeleniumLibrary">
<doc>Verifies that element ``locator`` contains exact the text ``expected``.</doc>
<arguments>
<arg>xpath=//*[@id="block_top_menu"]/ul/li[2]/a</arg>
<arg>${MENU2}</arg>
</arguments>
<msg timestamp="20200325 20:43:25.867" level="INFO">Verifying element 'xpath=//*[@id="block_top_menu"]/ul/li[2]/a' contains exact text 'DRESSES'.</msg>
<status status="PASS" starttime="20200325 20:43:25.867" endtime="20200325 20:43:25.908"></status>
</kw>
<kw name="Element Text Should Be" library="SeleniumLibrary">
<doc>Verifies that element ``locator`` contains exact the text ``expected``.</doc>
<arguments>
<arg>xpath=//*[@id="block_top_menu"]/ul/li[3]/a</arg>
<arg>${MENU3}</arg>
</arguments>
<msg timestamp="20200325 20:43:25.909" level="INFO">Verifying element 'xpath=//*[@id="block_top_menu"]/ul/li[3]/a' contains exact text 'T-SHIRTS'.</msg>
<status status="PASS" starttime="20200325 20:43:25.908" endtime="20200325 20:43:25.956"></status>
</kw>
<status status="PASS" starttime="20200325 20:43:25.810" endtime="20200325 20:43:25.956"></status>
</kw>
<status status="PASS" starttime="20200325 20:43:25.809" endtime="20200325 20:43:25.957"></status>
</kw>
<kw name="Então conferir se esta sendo exibido os submenus &quot;TOP&quot; &quot;DRESSES&quot; esta exibindo suas respectivas categorias &quot;T-shirts&quot; &quot;Blouses&quot; &quot;Casual Dresses&quot; &quot;Evening Dresses&quot; &quot;Summer Dresses&quot;">
<kw name="Verificar submenus &quot;TOP&quot; &quot;DRESSES&quot; e suas respectivas categorias &quot;${CAT1}&quot; &quot;${CAT2}&quot; &quot;${CAT3}&quot; &quot;${CAT4}&quot; &quot;${CAT5}&quot;" library="Resource">
<kw name="Mouse Over" library="SeleniumLibrary">
<doc>Simulates hovering the mouse over the element ``locator``.</doc>
<arguments>
<arg>xpath=//*[@id="block_top_menu"]/ul/li[1]</arg>
</arguments>
<msg timestamp="20200325 20:43:25.960" level="INFO">Simulating Mouse Over on element 'xpath=//*[@id="block_top_menu"]/ul/li[1]'.</msg>
<status status="PASS" starttime="20200325 20:43:25.960" endtime="20200325 20:43:26.358"></status>
</kw>
<kw name="Element Text Should Be" library="SeleniumLibrary">
<doc>Verifies that element ``locator`` contains exact the text ``expected``.</doc>
<arguments>
<arg>xpath=//*[@id="block_top_menu"]/ul/li[1]/ul/li[1]/ul/li[1]/a</arg>
<arg>${CAT1}</arg>
</arguments>
<msg timestamp="20200325 20:43:26.359" level="INFO">Verifying element 'xpath=//*[@id="block_top_menu"]/ul/li[1]/ul/li[1]/ul/li[1]/a' contains exact text 'T-shirts'.</msg>
<status status="PASS" starttime="20200325 20:43:26.358" endtime="20200325 20:43:26.403"></status>
</kw>
<kw name="Element Text Should Be" library="SeleniumLibrary">
<doc>Verifies that element ``locator`` contains exact the text ``expected``.</doc>
<arguments>
<arg>xpath=//*[@id="block_top_menu"]/ul/li[1]/ul/li[1]/ul/li[2]/a</arg>
<arg>${CAT2}</arg>
</arguments>
<msg timestamp="20200325 20:43:26.405" level="INFO">Verifying element 'xpath=//*[@id="block_top_menu"]/ul/li[1]/ul/li[1]/ul/li[2]/a' contains exact text 'Blouses'.</msg>
<status status="PASS" starttime="20200325 20:43:26.404" endtime="20200325 20:43:26.449"></status>
</kw>
<kw name="Element Text Should Be" library="SeleniumLibrary">
<doc>Verifies that element ``locator`` contains exact the text ``expected``.</doc>
<arguments>
<arg>xpath=//*[@id="block_top_menu"]/ul/li[1]/ul/li[2]/ul/li[1]/a</arg>
<arg>${CAT3}</arg>
</arguments>
<msg timestamp="20200325 20:43:26.449" level="INFO">Verifying element 'xpath=//*[@id="block_top_menu"]/ul/li[1]/ul/li[2]/ul/li[1]/a' contains exact text 'Casual Dresses'.</msg>
<status status="PASS" starttime="20200325 20:43:26.449" endtime="20200325 20:43:26.489"></status>
</kw>
<kw name="Element Text Should Be" library="SeleniumLibrary">
<doc>Verifies that element ``locator`` contains exact the text ``expected``.</doc>
<arguments>
<arg>xpath=//*[@id="block_top_menu"]/ul/li[1]/ul/li[2]/ul/li[2]/a</arg>
<arg>${CAT4}</arg>
</arguments>
<msg timestamp="20200325 20:43:26.490" level="INFO">Verifying element 'xpath=//*[@id="block_top_menu"]/ul/li[1]/ul/li[2]/ul/li[2]/a' contains exact text 'Evening Dresses'.</msg>
<status status="PASS" starttime="20200325 20:43:26.490" endtime="20200325 20:43:26.533"></status>
</kw>
<kw name="Element Text Should Be" library="SeleniumLibrary">
<doc>Verifies that element ``locator`` contains exact the text ``expected``.</doc>
<arguments>
<arg>xpath=//*[@id="block_top_menu"]/ul/li[1]/ul/li[2]/ul/li[3]/a</arg>
<arg>${CAT5}</arg>
</arguments>
<msg timestamp="20200325 20:43:26.534" level="INFO">Verifying element 'xpath=//*[@id="block_top_menu"]/ul/li[1]/ul/li[2]/ul/li[3]/a' contains exact text 'Summer Dresses'.</msg>
<status status="PASS" starttime="20200325 20:43:26.533" endtime="20200325 20:43:26.575"></status>
</kw>
<status status="PASS" starttime="20200325 20:43:25.959" endtime="20200325 20:43:26.575"></status>
</kw>
<status status="PASS" starttime="20200325 20:43:25.957" endtime="20200325 20:43:26.575"></status>
</kw>
<kw name="Fechar Browser" library="Resource" type="teardown">
<kw name="Close Browser" library="SeleniumLibrary">
<doc>Closes the current browser.</doc>
<status status="PASS" starttime="20200325 20:43:26.577" endtime="20200325 20:43:28.802"></status>
</kw>
<status status="PASS" starttime="20200325 20:43:26.576" endtime="20200325 20:43:28.802"></status>
</kw>
<status status="PASS" starttime="20200325 20:43:12.553" endtime="20200325 20:43:28.803" critical="yes"></status>
</test>
<test id="s1-t2" name="Cenario 02: Validar se no menu Dresses suas categoria estão sendo exibidas">
<kw name="Abrir Browser" library="Resource" type="setup">
<kw name="Open Browser" library="SeleniumLibrary">
<doc>Opens a new browser instance to the optional ``url``.</doc>
<arguments>
<arg>about:blank</arg>
<arg>${BROWSER}</arg>
</arguments>
<msg timestamp="20200325 20:43:28.807" level="INFO">Opening browser 'chrome' to base url 'about:blank'.</msg>
<status status="PASS" starttime="20200325 20:43:28.807" endtime="20200325 20:43:34.188"></status>
</kw>
<kw name="Maximize Browser Window" library="SeleniumLibrary">
<doc>Maximizes current browser window.</doc>
<status status="PASS" starttime="20200325 20:43:34.189" endtime="20200325 20:43:38.318"></status>
</kw>
<status status="PASS" starttime="20200325 20:43:28.806" endtime="20200325 20:43:38.318"></status>
</kw>
<kw name="Dado que estou na página home do site">
<kw name="Acessar a página home do site" library="Resource">
<kw name="Go To" library="SeleniumLibrary">
<doc>Navigates the current browser window to the provided ``url``.</doc>
<arguments>
<arg>http://automationpractice.com/index.php</arg>
</arguments>
<msg timestamp="20200325 20:43:38.320" level="INFO">Opening url 'http://automationpractice.com/index.php'</msg>
<status status="PASS" starttime="20200325 20:43:38.320" endtime="20200325 20:43:41.517"></status>
</kw>
<kw name="Title Should Be" library="SeleniumLibrary">
<doc>Verifies that the current page title equals ``title``.</doc>
<arguments>
<arg>My Store</arg>
</arguments>
<msg timestamp="20200325 20:43:41.525" level="INFO">Page title is 'My Store'.</msg>
<status status="PASS" starttime="20200325 20:43:41.517" endtime="20200325 20:43:41.526"></status>
</kw>
<status status="PASS" starttime="20200325 20:43:38.319" endtime="20200325 20:43:41.526"></status>
</kw>
<status status="PASS" starttime="20200325 20:43:38.319" endtime="20200325 20:43:41.526"></status>
</kw>
<kw name="Quando verificar os menus &quot;WOMEN&quot;,&quot;DRESSES&quot; e &quot;T-SHIRTS&quot; estão sendo exibidos">
<kw name="Verificar os menus &quot;${MENU1}&quot;,&quot;${MENU2}&quot; e &quot;${MENU3}&quot; estão sendo exibidos" library="Resource">
<kw name="Element Text Should Be" library="SeleniumLibrary">
<doc>Verifies that element ``locator`` contains exact the text ``expected``.</doc>
<arguments>
<arg>xpath=//*[@id="block_top_menu"]/ul/li[1]/a</arg>
<arg>${MENU1}</arg>
</arguments>
<msg timestamp="20200325 20:43:41.530" level="INFO">Verifying element 'xpath=//*[@id="block_top_menu"]/ul/li[1]/a' contains exact text 'WOMEN'.</msg>
<status status="PASS" starttime="20200325 20:43:41.530" endtime="20200325 20:43:41.587"></status>
</kw>
<kw name="Element Text Should Be" library="SeleniumLibrary">
<doc>Verifies that element ``locator`` contains exact the text ``expected``.</doc>
<arguments>
<arg>xpath=//*[@id="block_top_menu"]/ul/li[2]/a</arg>
<arg>${MENU2}</arg>
</arguments>
<msg timestamp="20200325 20:43:41.588" level="INFO">Verifying element 'xpath=//*[@id="block_top_menu"]/ul/li[2]/a' contains exact text 'DRESSES'.</msg>
<status status="PASS" starttime="20200325 20:43:41.587" endtime="20200325 20:43:41.633"></status>
</kw>
<kw name="Element Text Should Be" library="SeleniumLibrary">
<doc>Verifies that element ``locator`` contains exact the text ``expected``.</doc>
<arguments>
<arg>xpath=//*[@id="block_top_menu"]/ul/li[3]/a</arg>
<arg>${MENU3}</arg>
</arguments>
<msg timestamp="20200325 20:43:41.634" level="INFO">Verifying element 'xpath=//*[@id="block_top_menu"]/ul/li[3]/a' contains exact text 'T-SHIRTS'.</msg>
<status status="PASS" starttime="20200325 20:43:41.633" endtime="20200325 20:43:41.673"></status>
</kw>
<status status="PASS" starttime="20200325 20:43:41.528" endtime="20200325 20:43:41.673"></status>
</kw>
<status status="PASS" starttime="20200325 20:43:41.527" endtime="20200325 20:43:41.673"></status>
</kw>
<kw name="Então conferir se esta sendo exibido as categorias &quot;CASUAL DRESSES&quot; &quot;EVENING DRESSES&quot; &quot;SUMMER DRESSES&quot;">
<kw name="Verificar se esta sendo exibido as categorias &quot;${CAT1}&quot; &quot;${CAT2}&quot; &quot;${CAT3}&quot;" library="Resource">
<kw name="Mouse Over" library="SeleniumLibrary">
<doc>Simulates hovering the mouse over the element ``locator``.</doc>
<arguments>
<arg>xpath=//*[@id="block_top_menu"]/ul/li[2]/a</arg>
</arguments>
<msg timestamp="20200325 20:43:41.676" level="INFO">Simulating Mouse Over on element 'xpath=//*[@id="block_top_menu"]/ul/li[2]/a'.</msg>
<status status="PASS" starttime="20200325 20:43:41.675" endtime="20200325 20:43:42.000"></status>
</kw>
<kw name="Element Text Should Be" library="SeleniumLibrary">
<doc>Verifies that element ``locator`` contains exact the text ``expected``.</doc>
<arguments>
<arg>xpath=//*[@id="block_top_menu"]/ul/li[2]/ul/li[1]/a</arg>
<arg>${CAT1}</arg>
</arguments>
<msg timestamp="20200325 20:43:42.001" level="INFO">Verifying element 'xpath=//*[@id="block_top_menu"]/ul/li[2]/ul/li[1]/a' contains exact text 'CASUAL DRESSES'.</msg>
<status status="PASS" starttime="20200325 20:43:42.000" endtime="20200325 20:43:42.049"></status>
</kw>
<kw name="Element Text Should Be" library="SeleniumLibrary">
<doc>Verifies that element ``locator`` contains exact the text ``expected``.</doc>
<arguments>
<arg>xpath=//*[@id="block_top_menu"]/ul/li[2]/ul/li[2]/a</arg>
<arg>${CAT2}</arg>
</arguments>
<msg timestamp="20200325 20:43:42.050" level="INFO">Verifying element 'xpath=//*[@id="block_top_menu"]/ul/li[2]/ul/li[2]/a' contains exact text 'EVENING DRESSES'.</msg>
<status status="PASS" starttime="20200325 20:43:42.050" endtime="20200325 20:43:42.089"></status>
</kw>
<kw name="Element Text Should Be" library="SeleniumLibrary">
<doc>Verifies that element ``locator`` contains exact the text ``expected``.</doc>
<arguments>
<arg>xpath=//*[@id="block_top_menu"]/ul/li[2]/ul/li[3]/a</arg>
<arg>${CAT3}</arg>
</arguments>
<msg timestamp="20200325 20:43:42.090" level="INFO">Verifying element 'xpath=//*[@id="block_top_menu"]/ul/li[2]/ul/li[3]/a' contains exact text 'SUMMER DRESSES'.</msg>
<status status="PASS" starttime="20200325 20:43:42.089" endtime="20200325 20:43:42.126"></status>
</kw>
<status status="PASS" starttime="20200325 20:43:41.675" endtime="20200325 20:43:42.127"></status>
</kw>
<status status="PASS" starttime="20200325 20:43:41.674" endtime="20200325 20:43:42.127"></status>
</kw>
<kw name="Fechar Browser" library="Resource" type="teardown">
<kw name="Close Browser" library="SeleniumLibrary">
<doc>Closes the current browser.</doc>
<status status="PASS" starttime="20200325 20:43:42.128" endtime="20200325 20:43:44.371"></status>
</kw>
<status status="PASS" starttime="20200325 20:43:42.128" endtime="20200325 20:43:44.371"></status>
</kw>
<status status="PASS" starttime="20200325 20:43:28.805" endtime="20200325 20:43:44.372" critical="yes"></status>
</test>
<test id="s1-t3" name="Cenario 03: Validar se menu Women é clicável">
<kw name="Abrir Browser" library="Resource" type="setup">
<kw name="Open Browser" library="SeleniumLibrary">
<doc>Opens a new browser instance to the optional ``url``.</doc>
<arguments>
<arg>about:blank</arg>
<arg>${BROWSER}</arg>
</arguments>
<msg timestamp="20200325 20:43:44.376" level="INFO">Opening browser 'chrome' to base url 'about:blank'.</msg>
<status status="PASS" starttime="20200325 20:43:44.375" endtime="20200325 20:43:49.763"></status>
</kw>
<kw name="Maximize Browser Window" library="SeleniumLibrary">
<doc>Maximizes current browser window.</doc>
<status status="PASS" starttime="20200325 20:43:49.763" endtime="20200325 20:43:53.885"></status>
</kw>
<status status="PASS" starttime="20200325 20:43:44.375" endtime="20200325 20:43:53.886"></status>
</kw>
<kw name="Dado que estou na página home do site">
<kw name="Acessar a página home do site" library="Resource">
<kw name="Go To" library="SeleniumLibrary">
<doc>Navigates the current browser window to the provided ``url``.</doc>
<arguments>
<arg>http://automationpractice.com/index.php</arg>
</arguments>
<msg timestamp="20200325 20:43:53.888" level="INFO">Opening url 'http://automationpractice.com/index.php'</msg>
<status status="PASS" starttime="20200325 20:43:53.887" endtime="20200325 20:43:57.282"></status>
</kw>
<kw name="Title Should Be" library="SeleniumLibrary">
<doc>Verifies that the current page title equals ``title``.</doc>
<arguments>
<arg>My Store</arg>
</arguments>
<msg timestamp="20200325 20:43:57.290" level="INFO">Page title is 'My Store'.</msg>
<status status="PASS" starttime="20200325 20:43:57.282" endtime="20200325 20:43:57.290"></status>
</kw>
<status status="PASS" starttime="20200325 20:43:53.887" endtime="20200325 20:43:57.291"></status>
</kw>
<status status="PASS" starttime="20200325 20:43:53.886" endtime="20200325 20:43:57.291"></status>
</kw>
<kw name="Quando clicar no menu Women">
<kw name="Clicar no menu Women" library="Resource">
<kw name="Click Element" library="SeleniumLibrary">
<doc>Click the element identified by ``locator``.</doc>
<arguments>
<arg>xpath=//*[@id="block_top_menu"]/ul/li[1]/a</arg>
</arguments>
<msg timestamp="20200325 20:43:57.294" level="INFO">Clicking element 'xpath=//*[@id="block_top_menu"]/ul/li[1]/a'.</msg>
<status status="PASS" starttime="20200325 20:43:57.293" endtime="20200325 20:43:58.235"></status>
</kw>
<status status="PASS" starttime="20200325 20:43:57.292" endtime="20200325 20:43:58.236"></status>
</kw>
<status status="PASS" starttime="20200325 20:43:57.291" endtime="20200325 20:43:58.236"></status>
</kw>
<kw name="Então conferir se os produtos das categorias do menu Women foram exibidos &quot;There are 7 products.&quot;">
<kw name="Verificar se os produtos das categorias do menu foram exibidos &quot;${QTDPRODCATEGORIAS}&quot;" library="Resource">
<kw name="Sleep" library="BuiltIn">
<doc>Pauses the test executed for the given time.</doc>
<arguments>
<arg>2</arg>
</arguments>
<msg timestamp="20200325 20:44:00.243" level="INFO">Slept 2 seconds</msg>
<status status="PASS" starttime="20200325 20:43:58.240" endtime="20200325 20:44:00.243"></status>
</kw>
<kw name="Element Text Should Be" library="SeleniumLibrary">
<doc>Verifies that element ``locator`` contains exact the text ``expected``.</doc>
<arguments>
<arg>xpath=//*[@id="center_column"]/h1/span[2]</arg>
<arg>${QTDPRODCATEGORIAS}</arg>
</arguments>
<msg timestamp="20200325 20:44:00.244" level="INFO">Verifying element 'xpath=//*[@id="center_column"]/h1/span[2]' contains exact text 'There are 7 products.'.</msg>
<status status="PASS" starttime="20200325 20:44:00.243" endtime="20200325 20:44:00.283"></status>
</kw>
<status status="PASS" starttime="20200325 20:43:58.239" endtime="20200325 20:44:00.283"></status>
</kw>
<status status="PASS" starttime="20200325 20:43:58.238" endtime="20200325 20:44:00.284"></status>
</kw>
<kw name="Fechar Browser" library="Resource" type="teardown">
<kw name="Close Browser" library="SeleniumLibrary">
<doc>Closes the current browser.</doc>
<status status="PASS" starttime="20200325 20:44:00.285" endtime="20200325 20:44:02.506"></status>
</kw>
<status status="PASS" starttime="20200325 20:44:00.284" endtime="20200325 20:44:02.506"></status>
</kw>
<status status="PASS" starttime="20200325 20:43:44.374" endtime="20200325 20:44:02.507" critical="yes"></status>
</test>
<test id="s1-t4" name="Cenario 04: Validar se menu Dresses é clicável">
<kw name="Abrir Browser" library="Resource" type="setup">
<kw name="Open Browser" library="SeleniumLibrary">
<doc>Opens a new browser instance to the optional ``url``.</doc>
<arguments>
<arg>about:blank</arg>
<arg>${BROWSER}</arg>
</arguments>
<msg timestamp="20200325 20:44:02.512" level="INFO">Opening browser 'chrome' to base url 'about:blank'.</msg>
<status status="PASS" starttime="20200325 20:44:02.511" endtime="20200325 20:44:07.888"></status>
</kw>
<kw name="Maximize Browser Window" library="SeleniumLibrary">
<doc>Maximizes current browser window.</doc>
<status status="PASS" starttime="20200325 20:44:07.888" endtime="20200325 20:44:12.017"></status>
</kw>
<status status="PASS" starttime="20200325 20:44:02.510" endtime="20200325 20:44:12.017"></status>
</kw>
<kw name="Dado que estou na página home do site">
<kw name="Acessar a página home do site" library="Resource">
<kw name="Go To" library="SeleniumLibrary">
<doc>Navigates the current browser window to the provided ``url``.</doc>
<arguments>
<arg>http://automationpractice.com/index.php</arg>
</arguments>
<msg timestamp="20200325 20:44:12.023" level="INFO">Opening url 'http://automationpractice.com/index.php'</msg>
<status status="PASS" starttime="20200325 20:44:12.022" endtime="20200325 20:44:15.618"></status>
</kw>
<kw name="Title Should Be" library="SeleniumLibrary">
<doc>Verifies that the current page title equals ``title``.</doc>
<arguments>
<arg>My Store</arg>
</arguments>
<msg timestamp="20200325 20:44:15.628" level="INFO">Page title is 'My Store'.</msg>
<status status="PASS" starttime="20200325 20:44:15.619" endtime="20200325 20:44:15.628"></status>
</kw>
<status status="PASS" starttime="20200325 20:44:12.021" endtime="20200325 20:44:15.628"></status>
</kw>
<status status="PASS" starttime="20200325 20:44:12.021" endtime="20200325 20:44:15.628"></status>
</kw>
<kw name="Quando clicar no menu Dresses">
<kw name="Clicar no menu Dresses" library="Resource">
<kw name="Click Element" library="SeleniumLibrary">
<doc>Click the element identified by ``locator``.</doc>
<arguments>
<arg>xpath=//*[@id="block_top_menu"]/ul/li[2]/a</arg>
</arguments>
<msg timestamp="20200325 20:44:15.631" level="INFO">Clicking element 'xpath=//*[@id="block_top_menu"]/ul/li[2]/a'.</msg>
<status status="PASS" starttime="20200325 20:44:15.630" endtime="20200325 20:44:16.448"></status>
</kw>
<status status="PASS" starttime="20200325 20:44:15.629" endtime="20200325 20:44:16.448"></status>
</kw>
<status status="PASS" starttime="20200325 20:44:15.629" endtime="20200325 20:44:16.448"></status>
</kw>
<kw name="Então conferir se os produtos das categorias do menu Dresses foram exibidos &quot;There are 5 products.&quot;">
<kw name="Verificar se os produtos das categorias do menu foram exibidos &quot;${QTDPRODCATEGORIAS}&quot;" library="Resource">
<kw name="Sleep" library="BuiltIn">
<doc>Pauses the test executed for the given time.</doc>
<arguments>
<arg>2</arg>
</arguments>
<msg timestamp="20200325 20:44:18.463" level="INFO">Slept 2 seconds</msg>
<status status="PASS" starttime="20200325 20:44:16.462" endtime="20200325 20:44:18.463"></status>
</kw>
<kw name="Element Text Should Be" library="SeleniumLibrary">
<doc>Verifies that element ``locator`` contains exact the text ``expected``.</doc>
<arguments>
<arg>xpath=//*[@id="center_column"]/h1/span[2]</arg>
<arg>${QTDPRODCATEGORIAS}</arg>
</arguments>
<msg timestamp="20200325 20:44:18.464" level="INFO">Verifying element 'xpath=//*[@id="center_column"]/h1/span[2]' contains exact text 'There are 5 products.'.</msg>
<status status="PASS" starttime="20200325 20:44:18.463" endtime="20200325 20:44:18.503"></status>
</kw>
<status status="PASS" starttime="20200325 20:44:16.461" endtime="20200325 20:44:18.503"></status>
</kw>
<status status="PASS" starttime="20200325 20:44:16.460" endtime="20200325 20:44:18.503"></status>
</kw>
<kw name="Fechar Browser" library="Resource" type="teardown">
<kw name="Close Browser" library="SeleniumLibrary">
<doc>Closes the current browser.</doc>
<status status="PASS" starttime="20200325 20:44:18.505" endtime="20200325 20:44:20.735"></status>
</kw>
<status status="PASS" starttime="20200325 20:44:18.504" endtime="20200325 20:44:20.735"></status>
</kw>
<status status="PASS" starttime="20200325 20:44:02.509" endtime="20200325 20:44:20.736" critical="yes"></status>
</test>
<test id="s1-t5" name="Cenario 05: Validar se menu Tshirts é clicável">
<kw name="Abrir Browser" library="Resource" type="setup">
<kw name="Open Browser" library="SeleniumLibrary">
<doc>Opens a new browser instance to the optional ``url``.</doc>
<arguments>
<arg>about:blank</arg>
<arg>${BROWSER}</arg>
</arguments>
<msg timestamp="20200325 20:44:20.742" level="INFO">Opening browser 'chrome' to base url 'about:blank'.</msg>
<status status="PASS" starttime="20200325 20:44:20.742" endtime="20200325 20:44:26.100"></status>
</kw>
<kw name="Maximize Browser Window" library="SeleniumLibrary">
<doc>Maximizes current browser window.</doc>
<status status="PASS" starttime="20200325 20:44:26.100" endtime="20200325 20:44:30.220"></status>
</kw>
<status status="PASS" starttime="20200325 20:44:20.741" endtime="20200325 20:44:30.220"></status>
</kw>
<kw name="Dado que estou na página home do site">
<kw name="Acessar a página home do site" library="Resource">
<kw name="Go To" library="SeleniumLibrary">
<doc>Navigates the current browser window to the provided ``url``.</doc>
<arguments>
<arg>http://automationpractice.com/index.php</arg>
</arguments>
<msg timestamp="20200325 20:44:30.222" level="INFO">Opening url 'http://automationpractice.com/index.php'</msg>
<status status="PASS" starttime="20200325 20:44:30.222" endtime="20200325 20:44:34.128"></status>
</kw>
<kw name="Title Should Be" library="SeleniumLibrary">
<doc>Verifies that the current page title equals ``title``.</doc>
<arguments>
<arg>My Store</arg>
</arguments>
<msg timestamp="20200325 20:44:34.138" level="INFO">Page title is 'My Store'.</msg>
<status status="PASS" starttime="20200325 20:44:34.129" endtime="20200325 20:44:34.138"></status>
</kw>
<status status="PASS" starttime="20200325 20:44:30.222" endtime="20200325 20:44:34.138"></status>
</kw>
<status status="PASS" starttime="20200325 20:44:30.221" endtime="20200325 20:44:34.139"></status>
</kw>
<kw name="Quando clicar no menu Tshirts">
<kw name="Clicar no menu Tshirts" library="Resource">
<kw name="Click Element" library="SeleniumLibrary">
<doc>Click the element identified by ``locator``.</doc>
<arguments>
<arg>xpath=//*[@id="block_top_menu"]/ul/li[3]/a</arg>
</arguments>
<msg timestamp="20200325 20:44:34.141" level="INFO">Clicking element 'xpath=//*[@id="block_top_menu"]/ul/li[3]/a'.</msg>
<status status="PASS" starttime="20200325 20:44:34.141" endtime="20200325 20:44:34.908"></status>
</kw>
<status status="PASS" starttime="20200325 20:44:34.140" endtime="20200325 20:44:34.909"></status>
</kw>
<status status="PASS" starttime="20200325 20:44:34.139" endtime="20200325 20:44:34.909"></status>
</kw>
<kw name="Então conferir se os produtos das categorias do menu Tshirts foram exibidos &quot;There is 1 product.&quot;">
<kw name="Verificar se os produtos das categorias do menu foram exibidos &quot;${QTDPRODCATEGORIAS}&quot;" library="Resource">
<kw name="Sleep" library="BuiltIn">
<doc>Pauses the test executed for the given time.</doc>
<arguments>
<arg>2</arg>
</arguments>
<msg timestamp="20200325 20:44:36.916" level="INFO">Slept 2 seconds</msg>
<status status="PASS" starttime="20200325 20:44:34.914" endtime="20200325 20:44:36.916"></status>
</kw>
<kw name="Element Text Should Be" library="SeleniumLibrary">
<doc>Verifies that element ``locator`` contains exact the text ``expected``.</doc>
<arguments>
<arg>xpath=//*[@id="center_column"]/h1/span[2]</arg>
<arg>${QTDPRODCATEGORIAS}</arg>
</arguments>
<msg timestamp="20200325 20:44:36.917" level="INFO">Verifying element 'xpath=//*[@id="center_column"]/h1/span[2]' contains exact text 'There is 1 product.'.</msg>
<status status="PASS" starttime="20200325 20:44:36.916" endtime="20200325 20:44:36.960"></status>
</kw>
<status status="PASS" starttime="20200325 20:44:34.913" endtime="20200325 20:44:36.961"></status>
</kw>
<status status="PASS" starttime="20200325 20:44:34.913" endtime="20200325 20:44:36.961"></status>
</kw>
<kw name="Fechar Browser" library="Resource" type="teardown">
<kw name="Close Browser" library="SeleniumLibrary">
<doc>Closes the current browser.</doc>
<status status="PASS" starttime="20200325 20:44:36.963" endtime="20200325 20:44:39.205"></status>
</kw>
<status status="PASS" starttime="20200325 20:44:36.962" endtime="20200325 20:44:39.205"></status>
</kw>
<status status="PASS" starttime="20200325 20:44:20.740" endtime="20200325 20:44:39.206" critical="yes"></status>
</test>
<status status="PASS" starttime="20200325 20:43:12.112" endtime="20200325 20:44:39.209"></status>
</suite>
<statistics>
<total>
<stat pass="5" fail="0">Critical Tests</stat>
<stat pass="5" fail="0">All Tests</stat>
</total>
<tag>
</tag>
<suite>
<stat pass="5" fail="0" id="s1" name="ST3">ST3</stat>
</suite>
</statistics>
<errors>
</errors>
</robot>
