<?xml version="1.0" encoding="UTF-8"?>
<robot generator="Robot 3.1.2 (Python 3.8.2 on win32)" generated="20200325 16:28:58.205" rpa="false">
<suite id="s1" name="ST3" source="C:\Users\Michele\Documents\ProcessoSeletivoSoftPlan\ProcessoSeletivoSoftPlan\tests\ST3.robot">
<test id="s1-t1" name="Cenario 04: Validar se menu Dresses é clicável">
<kw name="Abrir Browser" library="Resource" type="setup">
<kw name="Open Browser" library="SeleniumLibrary">
<doc>Opens a new browser instance to the optional ``url``.</doc>
<arguments>
<arg>about:blank</arg>
<arg>${BROWSER}</arg>
</arguments>
<msg timestamp="20200325 16:28:58.626" level="INFO">Opening browser 'chrome' to base url 'about:blank'.</msg>
<status status="PASS" starttime="20200325 16:28:58.626" endtime="20200325 16:29:04.112"></status>
</kw>
<kw name="Maximize Browser Window" library="SeleniumLibrary">
<doc>Maximizes current browser window.</doc>
<status status="PASS" starttime="20200325 16:29:04.112" endtime="20200325 16:29:08.237"></status>
</kw>
<status status="PASS" starttime="20200325 16:28:58.625" endtime="20200325 16:29:08.237"></status>
</kw>
<kw name="Dado que estou na página home do site">
<kw name="Acessar a página home do site" library="Resource">
<kw name="Go To" library="SeleniumLibrary">
<doc>Navigates the current browser window to the provided ``url``.</doc>
<arguments>
<arg>http://automationpractice.com/index.php</arg>
</arguments>
<msg timestamp="20200325 16:29:08.239" level="INFO">Opening url 'http://automationpractice.com/index.php'</msg>
<status status="PASS" starttime="20200325 16:29:08.239" endtime="20200325 16:29:11.681"></status>
</kw>
<kw name="Title Should Be" library="SeleniumLibrary">
<doc>Verifies that the current page title equals ``title``.</doc>
<arguments>
<arg>My Store</arg>
</arguments>
<msg timestamp="20200325 16:29:11.690" level="INFO">Page title is 'My Store'.</msg>
<status status="PASS" starttime="20200325 16:29:11.682" endtime="20200325 16:29:11.690"></status>
</kw>
<status status="PASS" starttime="20200325 16:29:08.238" endtime="20200325 16:29:11.691"></status>
</kw>
<status status="PASS" starttime="20200325 16:29:08.238" endtime="20200325 16:29:11.691"></status>
</kw>
<kw name="Quando clicar no menu Dresses">
<kw name="Clicar no menu Dresses" library="Resource">
<kw name="Click Element" library="SeleniumLibrary">
<doc>Click the element identified by ``locator``.</doc>
<arguments>
<arg>xpath=//*[@id="block_top_menu"]/ul/li[2]/a</arg>
</arguments>
<msg timestamp="20200325 16:29:11.694" level="INFO">Clicking element 'xpath=//*[@id="block_top_menu"]/ul/li[2]/a'.</msg>
<status status="PASS" starttime="20200325 16:29:11.693" endtime="20200325 16:29:12.685"></status>
</kw>
<status status="PASS" starttime="20200325 16:29:11.692" endtime="20200325 16:29:12.686"></status>
</kw>
<status status="PASS" starttime="20200325 16:29:11.692" endtime="20200325 16:29:12.686"></status>
</kw>
<kw name="Então conferir se os produtos das categorias do menu Dresses foram exibidos &quot;There are 5 products.&quot;">
<kw name="Verificar se os produtos das categorias do menu foram exibidos &quot;${QTDPRODCATEGORIAS}&quot;" library="Resource">
<kw name="Sleep" library="BuiltIn">
<doc>Pauses the test executed for the given time.</doc>
<arguments>
<arg>2</arg>
</arguments>
<msg timestamp="20200325 16:29:14.690" level="INFO">Slept 2 seconds</msg>
<status status="PASS" starttime="20200325 16:29:12.689" endtime="20200325 16:29:14.690"></status>
</kw>
<kw name="Element Text Should Be" library="SeleniumLibrary">
<doc>Verifies that element ``locator`` contains exact the text ``expected``.</doc>
<arguments>
<arg>xpath=//*[@id="center_column"]/h1/span[2]</arg>
<arg>${QTDPRODCATEGORIAS}</arg>
</arguments>
<msg timestamp="20200325 16:29:14.691" level="INFO">Verifying element 'xpath=//*[@id="center_column"]/h1/span[2]' contains exact text 'There are 5 products.'.</msg>
<status status="PASS" starttime="20200325 16:29:14.690" endtime="20200325 16:29:14.732"></status>
</kw>
<status status="PASS" starttime="20200325 16:29:12.688" endtime="20200325 16:29:14.732"></status>
</kw>
<status status="PASS" starttime="20200325 16:29:12.687" endtime="20200325 16:29:14.732"></status>
</kw>
<kw name="Fechar Browser" library="Resource" type="teardown">
<kw name="Close Browser" library="SeleniumLibrary">
<doc>Closes the current browser.</doc>
<status status="PASS" starttime="20200325 16:29:14.734" endtime="20200325 16:29:16.998"></status>
</kw>
<status status="PASS" starttime="20200325 16:29:14.733" endtime="20200325 16:29:16.998"></status>
</kw>
<status status="PASS" starttime="20200325 16:28:58.624" endtime="20200325 16:29:16.999" critical="yes"></status>
</test>
<test id="s1-t2" name="Cenario 05: Validar se menu Tshirts é clicável">
<kw name="Abrir Browser" library="Resource" type="setup">
<kw name="Open Browser" library="SeleniumLibrary">
<doc>Opens a new browser instance to the optional ``url``.</doc>
<arguments>
<arg>about:blank</arg>
<arg>${BROWSER}</arg>
</arguments>
<msg timestamp="20200325 16:29:17.004" level="INFO">Opening browser 'chrome' to base url 'about:blank'.</msg>
<status status="PASS" starttime="20200325 16:29:17.003" endtime="20200325 16:29:22.471"></status>
</kw>
<kw name="Maximize Browser Window" library="SeleniumLibrary">
<doc>Maximizes current browser window.</doc>
<status status="PASS" starttime="20200325 16:29:22.472" endtime="20200325 16:29:26.595"></status>
</kw>
<status status="PASS" starttime="20200325 16:29:17.002" endtime="20200325 16:29:26.596"></status>
</kw>
<kw name="Dado que estou na página home do site">
<kw name="Acessar a página home do site" library="Resource">
<kw name="Go To" library="SeleniumLibrary">
<doc>Navigates the current browser window to the provided ``url``.</doc>
<arguments>
<arg>http://automationpractice.com/index.php</arg>
</arguments>
<msg timestamp="20200325 16:29:26.598" level="INFO">Opening url 'http://automationpractice.com/index.php'</msg>
<status status="PASS" starttime="20200325 16:29:26.598" endtime="20200325 16:29:30.416"></status>
</kw>
<kw name="Title Should Be" library="SeleniumLibrary">
<doc>Verifies that the current page title equals ``title``.</doc>
<arguments>
<arg>My Store</arg>
</arguments>
<msg timestamp="20200325 16:29:30.426" level="INFO">Page title is 'My Store'.</msg>
<status status="PASS" starttime="20200325 16:29:30.416" endtime="20200325 16:29:30.426"></status>
</kw>
<status status="PASS" starttime="20200325 16:29:26.597" endtime="20200325 16:29:30.427"></status>
</kw>
<status status="PASS" starttime="20200325 16:29:26.596" endtime="20200325 16:29:30.427"></status>
</kw>
<kw name="Quando clicar no menu Tshirts">
<kw name="Clicar no menu Tshirts" library="Resource">
<kw name="Click Element" library="SeleniumLibrary">
<doc>Click the element identified by ``locator``.</doc>
<arguments>
<arg>xpath=//*[@id="block_top_menu"]/ul/li[3]/a</arg>
</arguments>
<msg timestamp="20200325 16:29:30.430" level="INFO">Clicking element 'xpath=//*[@id="block_top_menu"]/ul/li[3]/a'.</msg>
<status status="PASS" starttime="20200325 16:29:30.429" endtime="20200325 16:29:31.265"></status>
</kw>
<status status="PASS" starttime="20200325 16:29:30.428" endtime="20200325 16:29:31.266"></status>
</kw>
<status status="PASS" starttime="20200325 16:29:30.428" endtime="20200325 16:29:31.266"></status>
</kw>
<kw name="Então conferir se os produtos das categorias do menu Tshirts foram exibidos &quot;There is 1 product.&quot;">
<kw name="Verificar se os produtos das categorias do menu foram exibidos &quot;${QTDPRODCATEGORIAS}&quot;" library="Resource">
<kw name="Sleep" library="BuiltIn">
<doc>Pauses the test executed for the given time.</doc>
<arguments>
<arg>2</arg>
</arguments>
<msg timestamp="20200325 16:29:33.277" level="INFO">Slept 2 seconds</msg>
<status status="PASS" starttime="20200325 16:29:31.276" endtime="20200325 16:29:33.277"></status>
</kw>
<kw name="Element Text Should Be" library="SeleniumLibrary">
<doc>Verifies that element ``locator`` contains exact the text ``expected``.</doc>
<arguments>
<arg>xpath=//*[@id="center_column"]/h1/span[2]</arg>
<arg>${QTDPRODCATEGORIAS}</arg>
</arguments>
<msg timestamp="20200325 16:29:33.278" level="INFO">Verifying element 'xpath=//*[@id="center_column"]/h1/span[2]' contains exact text 'There is 1 product.'.</msg>
<status status="PASS" starttime="20200325 16:29:33.277" endtime="20200325 16:29:33.319"></status>
</kw>
<status status="PASS" starttime="20200325 16:29:31.275" endtime="20200325 16:29:33.319"></status>
</kw>
<status status="PASS" starttime="20200325 16:29:31.274" endtime="20200325 16:29:33.319"></status>
</kw>
<kw name="Fechar Browser" library="Resource" type="teardown">
<kw name="Close Browser" library="SeleniumLibrary">
<doc>Closes the current browser.</doc>
<status status="PASS" starttime="20200325 16:29:33.321" endtime="20200325 16:29:35.572"></status>
</kw>
<status status="PASS" starttime="20200325 16:29:33.320" endtime="20200325 16:29:35.573"></status>
</kw>
<status status="PASS" starttime="20200325 16:29:17.001" endtime="20200325 16:29:35.573" critical="yes"></status>
</test>
<status status="PASS" starttime="20200325 16:28:58.207" endtime="20200325 16:29:35.576"></status>
</suite>
<statistics>
<total>
<stat pass="2" fail="0">Critical Tests</stat>
<stat pass="2" fail="0">All Tests</stat>
</total>
<tag>
</tag>
<suite>
<stat pass="2" fail="0" id="s1" name="ST3">ST3</stat>
</suite>
</statistics>
<errors>
</errors>
</robot>
